0 info it worked if it ends with ok
1 verbose cli [ 'C:\\Program Files\\nodejs\\node.exe',
1 verbose cli   'C:\\Program Files\\nodejs\\node_modules\\npm\\bin\\npm-cli.js',
1 verbose cli   'install',
1 verbose cli   'cors',
1 verbose cli   '-',
1 verbose cli   'S' ]
2 info using npm@3.10.10
3 info using node@v6.11.2
4 silly loadCurrentTree Starting
5 silly install loadCurrentTree
6 silly install readLocalPackageData
7 silly fetchPackageMetaData cors
8 silly fetchPackageMetaData -
9 silly fetchPackageMetaData S
10 silly fetchNamedPackageData cors
11 silly mapToRegistry name cors
12 silly mapToRegistry using default registry
13 silly mapToRegistry registry https://registry.npmjs.org/
14 silly mapToRegistry data Result {
14 silly mapToRegistry   raw: 'cors',
14 silly mapToRegistry   scope: null,
14 silly mapToRegistry   escapedName: 'cors',
14 silly mapToRegistry   name: 'cors',
14 silly mapToRegistry   rawSpec: '',
14 silly mapToRegistry   spec: 'latest',
14 silly mapToRegistry   type: 'tag' }
15 silly mapToRegistry uri https://registry.npmjs.org/cors
16 silly fetchOtherPackageData -
17 silly cache add args [ '-', null ]
18 verbose cache add spec -
19 silly fetchNamedPackageData S
20 silly mapToRegistry name S
21 silly mapToRegistry using default registry
22 silly mapToRegistry registry https://registry.npmjs.org/
23 silly mapToRegistry data Result {
23 silly mapToRegistry   raw: 'S',
23 silly mapToRegistry   scope: null,
23 silly mapToRegistry   escapedName: 'S',
23 silly mapToRegistry   name: 'S',
23 silly mapToRegistry   rawSpec: '',
23 silly mapToRegistry   spec: 'latest',
23 silly mapToRegistry   type: 'tag' }
24 silly mapToRegistry uri https://registry.npmjs.org/S
25 silly cache add parsed spec Result {
25 silly cache add   raw: '-',
25 silly cache add   scope: null,
25 silly cache add   escapedName: null,
25 silly cache add   name: null,
25 silly cache add   rawSpec: '-',
25 silly cache add   spec: 'D:\\programing\\mysql\\vwn\\-',
25 silly cache add   type: 'local' }
26 error addLocal Could not install D:\programing\mysql\vwn\-
27 silly fetchPackageMetaData Error: ENOENT: no such file or directory, open 'D:\programing\mysql\vwn\-'
27 silly fetchPackageMetaData     at Error (native)
27 silly fetchPackageMetaData  error for - { Error: ENOENT: no such file or directory, open 'D:\programing\mysql\vwn\-'
27 silly fetchPackageMetaData     at Error (native)
27 silly fetchPackageMetaData   errno: -4058,
27 silly fetchPackageMetaData   code: 'ENOENT',
27 silly fetchPackageMetaData   syscall: 'open',
27 silly fetchPackageMetaData   path: 'D:\\programing\\mysql\\vwn\\-' }
28 verbose request uri https://registry.npmjs.org/cors
29 verbose request no auth needed
30 info attempt registry request try #1 at 14:02:43
31 verbose request id 7c5ad4ec76092ced
32 verbose etag W/"59cb543b-ebb6"
33 verbose lastModified Wed, 27 Sep 2017 07:33:15 GMT
34 http request GET https://registry.npmjs.org/cors
35 verbose request uri https://registry.npmjs.org/S
36 verbose request no auth needed
37 info attempt registry request try #1 at 14:02:43
38 http request GET https://registry.npmjs.org/S
39 http 304 https://registry.npmjs.org/cors
40 verbose headers { date: 'Sat, 30 Sep 2017 12:02:40 GMT',
40 verbose headers   via: '1.1 varnish',
40 verbose headers   'cache-control': 'max-age=300',
40 verbose headers   etag: 'W/"59cb543b-ebb6"',
40 verbose headers   age: '230',
40 verbose headers   connection: 'keep-alive',
40 verbose headers   'x-served-by': 'cache-ams4425-AMS',
40 verbose headers   'x-cache': 'HIT',
40 verbose headers   'x-cache-hits': '1',
40 verbose headers   'x-timer': 'S1506772960.168622,VS0,VE0',
40 verbose headers   vary: 'Accept-Encoding, Accept' }
41 silly get cb [ 304,
41 silly get   { date: 'Sat, 30 Sep 2017 12:02:40 GMT',
41 silly get     via: '1.1 varnish',
41 silly get     'cache-control': 'max-age=300',
41 silly get     etag: 'W/"59cb543b-ebb6"',
41 silly get     age: '230',
41 silly get     connection: 'keep-alive',
41 silly get     'x-served-by': 'cache-ams4425-AMS',
41 silly get     'x-cache': 'HIT',
41 silly get     'x-cache-hits': '1',
41 silly get     'x-timer': 'S1506772960.168622,VS0,VE0',
41 silly get     vary: 'Accept-Encoding, Accept' } ]
42 verbose etag https://registry.npmjs.org/cors from cache
43 verbose get saving cors to C:\Users\Yaser M. Shomaf\AppData\Roaming\npm-cache\registry.npmjs.org\cors\.cache.json
44 verbose correctMkdir C:\Users\Yaser M. Shomaf\AppData\Roaming\npm-cache correctMkdir not in flight; initializing
45 http 200 https://registry.npmjs.org/S
46 verbose headers { server: 'nginx/1.10.1',
46 verbose headers   'content-type': 'application/json',
46 verbose headers   'last-modified': 'Fri, 11 Aug 2017 01:49:06 GMT',
46 verbose headers   etag: 'W/"598d0d12-175"',
46 verbose headers   'content-encoding': 'gzip',
46 verbose headers   'cache-control': 'max-age=300',
46 verbose headers   'content-length': '241',
46 verbose headers   'accept-ranges': 'bytes',
46 verbose headers   date: 'Sat, 30 Sep 2017 12:02:40 GMT',
46 verbose headers   via: '1.1 varnish',
46 verbose headers   age: '0',
46 verbose headers   connection: 'keep-alive',
46 verbose headers   'x-served-by': 'cache-ams4133-AMS',
46 verbose headers   'x-cache': 'MISS',
46 verbose headers   'x-cache-hits': '0',
46 verbose headers   'x-timer': 'S1506772960.170339,VS0,VE30',
46 verbose headers   vary: 'Accept-Encoding, Accept' }
47 silly get cb [ 200,
47 silly get   { server: 'nginx/1.10.1',
47 silly get     'content-type': 'application/json',
47 silly get     'last-modified': 'Fri, 11 Aug 2017 01:49:06 GMT',
47 silly get     etag: 'W/"598d0d12-175"',
47 silly get     'content-encoding': 'gzip',
47 silly get     'cache-control': 'max-age=300',
47 silly get     'content-length': '241',
47 silly get     'accept-ranges': 'bytes',
47 silly get     date: 'Sat, 30 Sep 2017 12:02:40 GMT',
47 silly get     via: '1.1 varnish',
47 silly get     age: '0',
47 silly get     connection: 'keep-alive',
47 silly get     'x-served-by': 'cache-ams4133-AMS',
47 silly get     'x-cache': 'MISS',
47 silly get     'x-cache-hits': '0',
47 silly get     'x-timer': 'S1506772960.170339,VS0,VE30',
47 silly get     vary: 'Accept-Encoding, Accept' } ]
48 verbose get saving S to C:\Users\Yaser M. Shomaf\AppData\Roaming\npm-cache\registry.npmjs.org\S\.cache.json
49 verbose correctMkdir C:\Users\Yaser M. Shomaf\AppData\Roaming\npm-cache correctMkdir not in flight; initializing
50 verbose stack TypeError: Cannot convert undefined or null to object
50 verbose stack     at pickVersionFromRegistryDocument (C:\Program Files\nodejs\node_modules\npm\lib\fetch-package-metadata.js:125:29)
50 verbose stack     at C:\Program Files\nodejs\node_modules\npm\node_modules\iferr\index.js:13:50
50 verbose stack     at C:\Program Files\nodejs\node_modules\npm\lib\utils\pulse-till-done.js:20:8
50 verbose stack     at saved (C:\Program Files\nodejs\node_modules\npm\lib\cache\caching-client.js:174:7)
50 verbose stack     at C:\Program Files\nodejs\node_modules\npm\node_modules\graceful-fs\polyfills.js:241:18
50 verbose stack     at FSReqWrap.oncomplete (fs.js:123:15)
51 verbose cwd D:\programing\mysql\vwn
52 error Windows_NT 6.1.7601
53 error argv "C:\\Program Files\\nodejs\\node.exe" "C:\\Program Files\\nodejs\\node_modules\\npm\\bin\\npm-cli.js" "install" "cors" "-" "S"
54 error node v6.11.2
55 error npm  v3.10.10
56 error Cannot convert undefined or null to object
57 error If you need help, you may report this error at:
57 error     <https://github.com/npm/npm/issues>
58 verbose exit [ 1, true ]
